<?xml version="1.0" encoding="UTF-8"?>
<!-- Generated by org.testng.reporters.JUnitReportReporter -->
<testsuite hostname="Spruha" failures="0" tests="4" name="sample.TestNG_Check" time="10.161" errors="0" timestamp="2024-04-27T09:40:00 IST" skipped="0">
  <testcase classname="sample.TestNG_Check" name="verifyErrormsgOnclickonCancel" time="2.440"/>
  <testcase classname="sample.TestNG_Check" name="verifyErrormsgOnclickonCancel" time="2.397"/>
  <testcase classname="sample.TestNG_Check" name="VerifyPasswordChangedSuccussfully" time="2.327"/>
  <testcase classname="sample.TestNG_Check" name="VerifyPasswordChangedSuccussfully" time="2.997"/>
</testsuite> <!-- sample.TestNG_Check -->
