<?xml version="1.0" encoding="UTF-8"?>
<!-- Generated by org.testng.reporters.JUnitReportReporter -->
<testsuite hostname="Spruha" failures="0" tests="4" name="sample.TestNG_Check2" time="10.424" errors="0" timestamp="2024-04-27T09:40:00 IST" skipped="0">
  <testcase classname="sample.TestNG_Check2" name="VerifyPasswordChangedSuccussfully" time="2.521"/>
  <testcase classname="sample.TestNG_Check2" name="verifyErrormsgOnclickonCancel" time="2.712"/>
  <testcase classname="sample.TestNG_Check2" name="VerifyPasswordChangedSuccussfully" time="2.016"/>
  <testcase classname="sample.TestNG_Check2" name="verifyErrormsgOnclickonCancel" time="3.175"/>
</testsuite> <!-- sample.TestNG_Check2 -->
